<?xml version="1.0" encoding="UTF-8"?>
<testsuite xmlns:xsi="http://www.w3.org/2001/XMLSchema-instance" xsi:noNamespaceSchemaLocation="https://maven.apache.org/surefire/maven-surefire-plugin/xsd/surefire-test-report.xsd" name="RocketMQTest" time="10.283" tests="1" errors="0" skipped="0" failures="0">
  <properties>
    <property name="sun.desktop" value="windows"/>
    <property name="awt.toolkit" value="sun.awt.windows.WToolkit"/>
    <property name="file.encoding.pkg" value="sun.io"/>
    <property name="java.specification.version" value="1.8"/>
    <property name="sun.cpu.isalist" value="amd64"/>
    <property name="sun.jnu.encoding" value="GBK"/>
    <property name="java.class.path" value="D:\idea\Teacher\target\test-classes;D:\idea\Teacher\target\classes;D:\maven\workspace\teacher\org\apache\rocketmq\rocketmq-spring-boot-starter\2.1.1\rocketmq-spring-boot-starter-2.1.1.jar;D:\maven\workspace\teacher\org\apache\rocketmq\rocketmq-spring-boot\2.1.1\rocketmq-spring-boot-2.1.1.jar;D:\maven\workspace\teacher\org\slf4j\slf4j-api\1.7.36\slf4j-api-1.7.36.jar;D:\maven\workspace\teacher\org\apache\rocketmq\rocketmq-client\4.7.1\rocketmq-client-4.7.1.jar;D:\maven\workspace\teacher\org\apache\rocketmq\rocketmq-common\4.7.1\rocketmq-common-4.7.1.jar;D:\maven\workspace\teacher\org\apache\commons\commons-lang3\3.12.0\commons-lang3-3.12.0.jar;D:\maven\workspace\teacher\org\apache\rocketmq\rocketmq-acl\4.7.1\rocketmq-acl-4.7.1.jar;D:\maven\workspace\teacher\org\apache\rocketmq\rocketmq-remoting\4.7.1\rocketmq-remoting-4.7.1.jar;D:\maven\workspace\teacher\com\alibaba\fastjson\1.2.69\fastjson-1.2.69.jar;D:\maven\workspace\teacher\io\netty\netty-all\4.1.75.Final\netty-all-4.1.75.Final.jar;D:\maven\workspace\teacher\io\netty\netty-buffer\4.1.75.Final\netty-buffer-4.1.75.Final.jar;D:\maven\workspace\teacher\io\netty\netty-codec\4.1.75.Final\netty-codec-4.1.75.Final.jar;D:\maven\workspace\teacher\io\netty\netty-codec-dns\4.1.75.Final\netty-codec-dns-4.1.75.Final.jar;D:\maven\workspace\teacher\io\netty\netty-codec-haproxy\4.1.75.Final\netty-codec-haproxy-4.1.75.Final.jar;D:\maven\workspace\teacher\io\netty\netty-codec-http\4.1.75.Final\netty-codec-http-4.1.75.Final.jar;D:\maven\workspace\teacher\io\netty\netty-codec-http2\4.1.75.Final\netty-codec-http2-4.1.75.Final.jar;D:\maven\workspace\teacher\io\netty\netty-codec-memcache\4.1.75.Final\netty-codec-memcache-4.1.75.Final.jar;D:\maven\workspace\teacher\io\netty\netty-codec-mqtt\4.1.75.Final\netty-codec-mqtt-4.1.75.Final.jar;D:\maven\workspace\teacher\io\netty\netty-codec-redis\4.1.75.Final\netty-codec-redis-4.1.75.Final.jar;D:\maven\workspace\teacher\io\netty\netty-codec-smtp\4.1.75.Final\netty-codec-smtp-4.1.75.Final.jar;D:\maven\workspace\teacher\io\netty\netty-codec-socks\4.1.75.Final\netty-codec-socks-4.1.75.Final.jar;D:\maven\workspace\teacher\io\netty\netty-codec-stomp\4.1.75.Final\netty-codec-stomp-4.1.75.Final.jar;D:\maven\workspace\teacher\io\netty\netty-codec-xml\4.1.75.Final\netty-codec-xml-4.1.75.Final.jar;D:\maven\workspace\teacher\io\netty\netty-common\4.1.75.Final\netty-common-4.1.75.Final.jar;D:\maven\workspace\teacher\io\netty\netty-handler\4.1.75.Final\netty-handler-4.1.75.Final.jar;D:\maven\workspace\teacher\io\netty\netty-handler-proxy\4.1.75.Final\netty-handler-proxy-4.1.75.Final.jar;D:\maven\workspace\teacher\io\netty\netty-resolver\4.1.75.Final\netty-resolver-4.1.75.Final.jar;D:\maven\workspace\teacher\io\netty\netty-resolver-dns\4.1.75.Final\netty-resolver-dns-4.1.75.Final.jar;D:\maven\workspace\teacher\io\netty\netty-transport\4.1.75.Final\netty-transport-4.1.75.Final.jar;D:\maven\workspace\teacher\io\netty\netty-transport-rxtx\4.1.75.Final\netty-transport-rxtx-4.1.75.Final.jar;D:\maven\workspace\teacher\io\netty\netty-transport-sctp\4.1.75.Final\netty-transport-sctp-4.1.75.Final.jar;D:\maven\workspace\teacher\io\netty\netty-transport-udt\4.1.75.Final\netty-transport-udt-4.1.75.Final.jar;D:\maven\workspace\teacher\io\netty\netty-transport-classes-epoll\4.1.75.Final\netty-transport-classes-epoll-4.1.75.Final.jar;D:\maven\workspace\teacher\io\netty\netty-transport-native-unix-common\4.1.75.Final\netty-transport-native-unix-common-4.1.75.Final.jar;D:\maven\workspace\teacher\io\netty\netty-transport-classes-kqueue\4.1.75.Final\netty-transport-classes-kqueue-4.1.75.Final.jar;D:\maven\workspace\teacher\io\netty\netty-resolver-dns-classes-macos\4.1.75.Final\netty-resolver-dns-classes-macos-4.1.75.Final.jar;D:\maven\workspace\teacher\io\netty\netty-transport-native-epoll\4.1.75.Final\netty-transport-native-epoll-4.1.75.Final-linux-x86_64.jar;D:\maven\workspace\teacher\io\netty\netty-transport-native-epoll\4.1.75.Final\netty-transport-native-epoll-4.1.75.Final-linux-aarch_64.jar;D:\maven\workspace\teacher\io\netty\netty-transport-native-kqueue\4.1.75.Final\netty-transport-native-kqueue-4.1.75.Final-osx-x86_64.jar;D:\maven\workspace\teacher\io\netty\netty-transport-native-kqueue\4.1.75.Final\netty-transport-native-kqueue-4.1.75.Final-osx-aarch_64.jar;D:\maven\workspace\teacher\io\netty\netty-resolver-dns-native-macos\4.1.75.Final\netty-resolver-dns-native-macos-4.1.75.Final-osx-x86_64.jar;D:\maven\workspace\teacher\io\netty\netty-resolver-dns-native-macos\4.1.75.Final\netty-resolver-dns-native-macos-4.1.75.Final-osx-aarch_64.jar;D:\maven\workspace\teacher\io\netty\netty-tcnative-boringssl-static\2.0.51.Final\netty-tcnative-boringssl-static-2.0.51.Final.jar;D:\maven\workspace\teacher\io\netty\netty-tcnative-classes\2.0.51.Final\netty-tcnative-classes-2.0.51.Final.jar;D:\maven\workspace\teacher\io\netty\netty-tcnative-boringssl-static\2.0.51.Final\netty-tcnative-boringssl-static-2.0.51.Final-linux-x86_64.jar;D:\maven\workspace\teacher\io\netty\netty-tcnative-boringssl-static\2.0.51.Final\netty-tcnative-boringssl-static-2.0.51.Final-linux-aarch_64.jar;D:\maven\workspace\teacher\io\netty\netty-tcnative-boringssl-static\2.0.51.Final\netty-tcnative-boringssl-static-2.0.51.Final-osx-x86_64.jar;D:\maven\workspace\teacher\io\netty\netty-tcnative-boringssl-static\2.0.51.Final\netty-tcnative-boringssl-static-2.0.51.Final-osx-aarch_64.jar;D:\maven\workspace\teacher\io\netty\netty-tcnative-boringssl-static\2.0.51.Final\netty-tcnative-boringssl-static-2.0.51.Final-windows-x86_64.jar;D:\maven\workspace\teacher\org\apache\rocketmq\rocketmq-logging\4.7.1\rocketmq-logging-4.7.1.jar;D:\maven\workspace\teacher\org\apache\rocketmq\rocketmq-srvutil\4.7.1\rocketmq-srvutil-4.7.1.jar;D:\maven\workspace\teacher\commons-cli\commons-cli\1.2\commons-cli-1.2.jar;D:\maven\workspace\teacher\commons-codec\commons-codec\1.15\commons-codec-1.15.jar;D:\maven\workspace\teacher\commons-validator\commons-validator\1.6\commons-validator-1.6.jar;D:\maven\workspace\teacher\commons-beanutils\commons-beanutils\1.9.2\commons-beanutils-1.9.2.jar;D:\maven\workspace\teacher\commons-digester\commons-digester\1.8.1\commons-digester-1.8.1.jar;D:\maven\workspace\teacher\commons-logging\commons-logging\1.2\commons-logging-1.2.jar;D:\maven\workspace\teacher\commons-collections\commons-collections\3.2.2\commons-collections-3.2.2.jar;D:\maven\workspace\teacher\org\springframework\spring-messaging\5.3.17\spring-messaging-5.3.17.jar;D:\maven\workspace\teacher\org\springframework\spring-context\5.3.17\spring-context-5.3.17.jar;D:\maven\workspace\teacher\org\springframework\spring-aop\5.3.17\spring-aop-5.3.17.jar;D:\maven\workspace\teacher\com\fasterxml\jackson\core\jackson-databind\2.13.2\jackson-databind-2.13.2.jar;D:\maven\workspace\teacher\com\fasterxml\jackson\core\jackson-annotations\2.13.2\jackson-annotations-2.13.2.jar;D:\maven\workspace\teacher\com\fasterxml\jackson\core\jackson-core\2.13.2\jackson-core-2.13.2.jar;D:\maven\workspace\teacher\org\springframework\boot\spring-boot-starter\2.6.5\spring-boot-starter-2.6.5.jar;D:\maven\workspace\teacher\org\springframework\boot\spring-boot\2.6.5\spring-boot-2.6.5.jar;D:\maven\workspace\teacher\org\springframework\boot\spring-boot-autoconfigure\2.6.5\spring-boot-autoconfigure-2.6.5.jar;D:\maven\workspace\teacher\org\springframework\boot\spring-boot-starter-logging\2.6.5\spring-boot-starter-logging-2.6.5.jar;D:\maven\workspace\teacher\ch\qos\logback\logback-classic\1.2.11\logback-classic-1.2.11.jar;D:\maven\workspace\teacher\ch\qos\logback\logback-core\1.2.11\logback-core-1.2.11.jar;D:\maven\workspace\teacher\org\apache\logging\log4j\log4j-to-slf4j\2.17.2\log4j-to-slf4j-2.17.2.jar;D:\maven\workspace\teacher\org\apache\logging\log4j\log4j-api\2.17.2\log4j-api-2.17.2.jar;D:\maven\workspace\teacher\org\slf4j\jul-to-slf4j\1.7.36\jul-to-slf4j-1.7.36.jar;D:\maven\workspace\teacher\jakarta\annotation\jakarta.annotation-api\1.3.5\jakarta.annotation-api-1.3.5.jar;D:\maven\workspace\teacher\org\yaml\snakeyaml\1.29\snakeyaml-1.29.jar;D:\maven\workspace\teacher\org\springframework\boot\spring-boot-starter-validation\2.6.5\spring-boot-starter-validation-2.6.5.jar;D:\maven\workspace\teacher\org\apache\tomcat\embed\tomcat-embed-el\9.0.60\tomcat-embed-el-9.0.60.jar;D:\maven\workspace\teacher\org\hibernate\validator\hibernate-validator\6.2.3.Final\hibernate-validator-6.2.3.Final.jar;D:\maven\workspace\teacher\jakarta\validation\jakarta.validation-api\2.0.2\jakarta.validation-api-2.0.2.jar;D:\maven\workspace\teacher\org\jboss\logging\jboss-logging\3.4.3.Final\jboss-logging-3.4.3.Final.jar;D:\maven\workspace\teacher\com\fasterxml\classmate\1.5.1\classmate-1.5.1.jar;D:\maven\workspace\teacher\org\springframework\boot\spring-boot-starter-web\2.6.5\spring-boot-starter-web-2.6.5.jar;D:\maven\workspace\teacher\org\springframework\boot\spring-boot-starter-json\2.6.5\spring-boot-starter-json-2.6.5.jar;D:\maven\workspace\teacher\com\fasterxml\jackson\datatype\jackson-datatype-jdk8\2.13.2\jackson-datatype-jdk8-2.13.2.jar;D:\maven\workspace\teacher\com\fasterxml\jackson\datatype\jackson-datatype-jsr310\2.13.2\jackson-datatype-jsr310-2.13.2.jar;D:\maven\workspace\teacher\com\fasterxml\jackson\module\jackson-module-parameter-names\2.13.2\jackson-module-parameter-names-2.13.2.jar;D:\maven\workspace\teacher\org\springframework\boot\spring-boot-starter-tomcat\2.6.5\spring-boot-starter-tomcat-2.6.5.jar;D:\maven\workspace\teacher\org\apache\tomcat\embed\tomcat-embed-core\9.0.60\tomcat-embed-core-9.0.60.jar;D:\maven\workspace\teacher\org\apache\tomcat\embed\tomcat-embed-websocket\9.0.60\tomcat-embed-websocket-9.0.60.jar;D:\maven\workspace\teacher\org\springframework\spring-web\5.3.17\spring-web-5.3.17.jar;D:\maven\workspace\teacher\org\springframework\spring-beans\5.3.17\spring-beans-5.3.17.jar;D:\maven\workspace\teacher\org\springframework\spring-webmvc\5.3.17\spring-webmvc-5.3.17.jar;D:\maven\workspace\teacher\org\springframework\spring-expression\5.3.17\spring-expression-5.3.17.jar;D:\maven\workspace\teacher\org\springframework\boot\spring-boot-starter-test\2.6.5\spring-boot-starter-test-2.6.5.jar;D:\maven\workspace\teacher\org\springframework\boot\spring-boot-test\2.6.5\spring-boot-test-2.6.5.jar;D:\maven\workspace\teacher\org\springframework\boot\spring-boot-test-autoconfigure\2.6.5\spring-boot-test-autoconfigure-2.6.5.jar;D:\maven\workspace\teacher\com\jayway\jsonpath\json-path\2.6.0\json-path-2.6.0.jar;D:\maven\workspace\teacher\net\minidev\json-smart\2.4.8\json-smart-2.4.8.jar;D:\maven\workspace\teacher\net\minidev\accessors-smart\2.4.8\accessors-smart-2.4.8.jar;D:\maven\workspace\teacher\org\ow2\asm\asm\9.1\asm-9.1.jar;D:\maven\workspace\teacher\jakarta\xml\bind\jakarta.xml.bind-api\2.3.3\jakarta.xml.bind-api-2.3.3.jar;D:\maven\workspace\teacher\jakarta\activation\jakarta.activation-api\1.2.2\jakarta.activation-api-1.2.2.jar;D:\maven\workspace\teacher\org\assertj\assertj-core\3.21.0\assertj-core-3.21.0.jar;D:\maven\workspace\teacher\org\hamcrest\hamcrest\2.2\hamcrest-2.2.jar;D:\maven\workspace\teacher\org\junit\jupiter\junit-jupiter\5.8.2\junit-jupiter-5.8.2.jar;D:\maven\workspace\teacher\org\junit\jupiter\junit-jupiter-api\5.8.2\junit-jupiter-api-5.8.2.jar;D:\maven\workspace\teacher\org\opentest4j\opentest4j\1.2.0\opentest4j-1.2.0.jar;D:\maven\workspace\teacher\org\junit\platform\junit-platform-commons\1.8.2\junit-platform-commons-1.8.2.jar;D:\maven\workspace\teacher\org\apiguardian\apiguardian-api\1.1.2\apiguardian-api-1.1.2.jar;D:\maven\workspace\teacher\org\junit\jupiter\junit-jupiter-params\5.8.2\junit-jupiter-params-5.8.2.jar;D:\maven\workspace\teacher\org\junit\jupiter\junit-jupiter-engine\5.8.2\junit-jupiter-engine-5.8.2.jar;D:\maven\workspace\teacher\org\junit\platform\junit-platform-engine\1.8.2\junit-platform-engine-1.8.2.jar;D:\maven\workspace\teacher\org\mockito\mockito-core\4.0.0\mockito-core-4.0.0.jar;D:\maven\workspace\teacher\net\bytebuddy\byte-buddy\1.11.22\byte-buddy-1.11.22.jar;D:\maven\workspace\teacher\net\bytebuddy\byte-buddy-agent\1.11.22\byte-buddy-agent-1.11.22.jar;D:\maven\workspace\teacher\org\objenesis\objenesis\3.2\objenesis-3.2.jar;D:\maven\workspace\teacher\org\mockito\mockito-junit-jupiter\4.0.0\mockito-junit-jupiter-4.0.0.jar;D:\maven\workspace\teacher\org\skyscreamer\jsonassert\1.5.0\jsonassert-1.5.0.jar;D:\maven\workspace\teacher\com\vaadin\external\google\android-json\0.0.20131108.vaadin1\android-json-0.0.20131108.vaadin1.jar;D:\maven\workspace\teacher\org\springframework\spring-core\5.3.17\spring-core-5.3.17.jar;D:\maven\workspace\teacher\org\springframework\spring-jcl\5.3.17\spring-jcl-5.3.17.jar;D:\maven\workspace\teacher\org\springframework\spring-test\5.3.17\spring-test-5.3.17.jar;D:\maven\workspace\teacher\org\xmlunit\xmlunit-core\2.8.4\xmlunit-core-2.8.4.jar;D:\maven\workspace\teacher\junit\junit\4.13.2\junit-4.13.2.jar;D:\maven\workspace\teacher\org\hamcrest\hamcrest-core\2.2\hamcrest-core-2.2.jar;"/>
    <property name="java.vm.vendor" value="Oracle Corporation"/>
    <property name="sun.arch.data.model" value="64"/>
    <property name="user.variant" value=""/>
    <property name="java.vendor.url" value="http://java.oracle.com/"/>
    <property name="user.timezone" value="Asia/Shanghai"/>
    <property name="java.vm.specification.version" value="1.8"/>
    <property name="os.name" value="Windows 10"/>
    <property name="user.country" value="CN"/>
    <property name="sun.java.launcher" value="SUN_STANDARD"/>
    <property name="sun.boot.library.path" value="D:\jdk\jre\bin"/>
    <property name="sun.java.command" value="C:\Users\HG\AppData\Local\Temp\surefire8146671798839250465\surefirebooter7101357356866543168.jar C:\Users\HG\AppData\Local\Temp\surefire8146671798839250465 2023-01-17T16-50-05_563-jvmRun1 surefire6809518446396366167tmp surefire_02780268615248749867tmp"/>
    <property name="surefire.test.class.path" value="D:\idea\Teacher\target\test-classes;D:\idea\Teacher\target\classes;D:\maven\workspace\teacher\org\apache\rocketmq\rocketmq-spring-boot-starter\2.1.1\rocketmq-spring-boot-starter-2.1.1.jar;D:\maven\workspace\teacher\org\apache\rocketmq\rocketmq-spring-boot\2.1.1\rocketmq-spring-boot-2.1.1.jar;D:\maven\workspace\teacher\org\slf4j\slf4j-api\1.7.36\slf4j-api-1.7.36.jar;D:\maven\workspace\teacher\org\apache\rocketmq\rocketmq-client\4.7.1\rocketmq-client-4.7.1.jar;D:\maven\workspace\teacher\org\apache\rocketmq\rocketmq-common\4.7.1\rocketmq-common-4.7.1.jar;D:\maven\workspace\teacher\org\apache\commons\commons-lang3\3.12.0\commons-lang3-3.12.0.jar;D:\maven\workspace\teacher\org\apache\rocketmq\rocketmq-acl\4.7.1\rocketmq-acl-4.7.1.jar;D:\maven\workspace\teacher\org\apache\rocketmq\rocketmq-remoting\4.7.1\rocketmq-remoting-4.7.1.jar;D:\maven\workspace\teacher\com\alibaba\fastjson\1.2.69\fastjson-1.2.69.jar;D:\maven\workspace\teacher\io\netty\netty-all\4.1.75.Final\netty-all-4.1.75.Final.jar;D:\maven\workspace\teacher\io\netty\netty-buffer\4.1.75.Final\netty-buffer-4.1.75.Final.jar;D:\maven\workspace\teacher\io\netty\netty-codec\4.1.75.Final\netty-codec-4.1.75.Final.jar;D:\maven\workspace\teacher\io\netty\netty-codec-dns\4.1.75.Final\netty-codec-dns-4.1.75.Final.jar;D:\maven\workspace\teacher\io\netty\netty-codec-haproxy\4.1.75.Final\netty-codec-haproxy-4.1.75.Final.jar;D:\maven\workspace\teacher\io\netty\netty-codec-http\4.1.75.Final\netty-codec-http-4.1.75.Final.jar;D:\maven\workspace\teacher\io\netty\netty-codec-http2\4.1.75.Final\netty-codec-http2-4.1.75.Final.jar;D:\maven\workspace\teacher\io\netty\netty-codec-memcache\4.1.75.Final\netty-codec-memcache-4.1.75.Final.jar;D:\maven\workspace\teacher\io\netty\netty-codec-mqtt\4.1.75.Final\netty-codec-mqtt-4.1.75.Final.jar;D:\maven\workspace\teacher\io\netty\netty-codec-redis\4.1.75.Final\netty-codec-redis-4.1.75.Final.jar;D:\maven\workspace\teacher\io\netty\netty-codec-smtp\4.1.75.Final\netty-codec-smtp-4.1.75.Final.jar;D:\maven\workspace\teacher\io\netty\netty-codec-socks\4.1.75.Final\netty-codec-socks-4.1.75.Final.jar;D:\maven\workspace\teacher\io\netty\netty-codec-stomp\4.1.75.Final\netty-codec-stomp-4.1.75.Final.jar;D:\maven\workspace\teacher\io\netty\netty-codec-xml\4.1.75.Final\netty-codec-xml-4.1.75.Final.jar;D:\maven\workspace\teacher\io\netty\netty-common\4.1.75.Final\netty-common-4.1.75.Final.jar;D:\maven\workspace\teacher\io\netty\netty-handler\4.1.75.Final\netty-handler-4.1.75.Final.jar;D:\maven\workspace\teacher\io\netty\netty-handler-proxy\4.1.75.Final\netty-handler-proxy-4.1.75.Final.jar;D:\maven\workspace\teacher\io\netty\netty-resolver\4.1.75.Final\netty-resolver-4.1.75.Final.jar;D:\maven\workspace\teacher\io\netty\netty-resolver-dns\4.1.75.Final\netty-resolver-dns-4.1.75.Final.jar;D:\maven\workspace\teacher\io\netty\netty-transport\4.1.75.Final\netty-transport-4.1.75.Final.jar;D:\maven\workspace\teacher\io\netty\netty-transport-rxtx\4.1.75.Final\netty-transport-rxtx-4.1.75.Final.jar;D:\maven\workspace\teacher\io\netty\netty-transport-sctp\4.1.75.Final\netty-transport-sctp-4.1.75.Final.jar;D:\maven\workspace\teacher\io\netty\netty-transport-udt\4.1.75.Final\netty-transport-udt-4.1.75.Final.jar;D:\maven\workspace\teacher\io\netty\netty-transport-classes-epoll\4.1.75.Final\netty-transport-classes-epoll-4.1.75.Final.jar;D:\maven\workspace\teacher\io\netty\netty-transport-native-unix-common\4.1.75.Final\netty-transport-native-unix-common-4.1.75.Final.jar;D:\maven\workspace\teacher\io\netty\netty-transport-classes-kqueue\4.1.75.Final\netty-transport-classes-kqueue-4.1.75.Final.jar;D:\maven\workspace\teacher\io\netty\netty-resolver-dns-classes-macos\4.1.75.Final\netty-resolver-dns-classes-macos-4.1.75.Final.jar;D:\maven\workspace\teacher\io\netty\netty-transport-native-epoll\4.1.75.Final\netty-transport-native-epoll-4.1.75.Final-linux-x86_64.jar;D:\maven\workspace\teacher\io\netty\netty-transport-native-epoll\4.1.75.Final\netty-transport-native-epoll-4.1.75.Final-linux-aarch_64.jar;D:\maven\workspace\teacher\io\netty\netty-transport-native-kqueue\4.1.75.Final\netty-transport-native-kqueue-4.1.75.Final-osx-x86_64.jar;D:\maven\workspace\teacher\io\netty\netty-transport-native-kqueue\4.1.75.Final\netty-transport-native-kqueue-4.1.75.Final-osx-aarch_64.jar;D:\maven\workspace\teacher\io\netty\netty-resolver-dns-native-macos\4.1.75.Final\netty-resolver-dns-native-macos-4.1.75.Final-osx-x86_64.jar;D:\maven\workspace\teacher\io\netty\netty-resolver-dns-native-macos\4.1.75.Final\netty-resolver-dns-native-macos-4.1.75.Final-osx-aarch_64.jar;D:\maven\workspace\teacher\io\netty\netty-tcnative-boringssl-static\2.0.51.Final\netty-tcnative-boringssl-static-2.0.51.Final.jar;D:\maven\workspace\teacher\io\netty\netty-tcnative-classes\2.0.51.Final\netty-tcnative-classes-2.0.51.Final.jar;D:\maven\workspace\teacher\io\netty\netty-tcnative-boringssl-static\2.0.51.Final\netty-tcnative-boringssl-static-2.0.51.Final-linux-x86_64.jar;D:\maven\workspace\teacher\io\netty\netty-tcnative-boringssl-static\2.0.51.Final\netty-tcnative-boringssl-static-2.0.51.Final-linux-aarch_64.jar;D:\maven\workspace\teacher\io\netty\netty-tcnative-boringssl-static\2.0.51.Final\netty-tcnative-boringssl-static-2.0.51.Final-osx-x86_64.jar;D:\maven\workspace\teacher\io\netty\netty-tcnative-boringssl-static\2.0.51.Final\netty-tcnative-boringssl-static-2.0.51.Final-osx-aarch_64.jar;D:\maven\workspace\teacher\io\netty\netty-tcnative-boringssl-static\2.0.51.Final\netty-tcnative-boringssl-static-2.0.51.Final-windows-x86_64.jar;D:\maven\workspace\teacher\org\apache\rocketmq\rocketmq-logging\4.7.1\rocketmq-logging-4.7.1.jar;D:\maven\workspace\teacher\org\apache\rocketmq\rocketmq-srvutil\4.7.1\rocketmq-srvutil-4.7.1.jar;D:\maven\workspace\teacher\commons-cli\commons-cli\1.2\commons-cli-1.2.jar;D:\maven\workspace\teacher\commons-codec\commons-codec\1.15\commons-codec-1.15.jar;D:\maven\workspace\teacher\commons-validator\commons-validator\1.6\commons-validator-1.6.jar;D:\maven\workspace\teacher\commons-beanutils\commons-beanutils\1.9.2\commons-beanutils-1.9.2.jar;D:\maven\workspace\teacher\commons-digester\commons-digester\1.8.1\commons-digester-1.8.1.jar;D:\maven\workspace\teacher\commons-logging\commons-logging\1.2\commons-logging-1.2.jar;D:\maven\workspace\teacher\commons-collections\commons-collections\3.2.2\commons-collections-3.2.2.jar;D:\maven\workspace\teacher\org\springframework\spring-messaging\5.3.17\spring-messaging-5.3.17.jar;D:\maven\workspace\teacher\org\springframework\spring-context\5.3.17\spring-context-5.3.17.jar;D:\maven\workspace\teacher\org\springframework\spring-aop\5.3.17\spring-aop-5.3.17.jar;D:\maven\workspace\teacher\com\fasterxml\jackson\core\jackson-databind\2.13.2\jackson-databind-2.13.2.jar;D:\maven\workspace\teacher\com\fasterxml\jackson\core\jackson-annotations\2.13.2\jackson-annotations-2.13.2.jar;D:\maven\workspace\teacher\com\fasterxml\jackson\core\jackson-core\2.13.2\jackson-core-2.13.2.jar;D:\maven\workspace\teacher\org\springframework\boot\spring-boot-starter\2.6.5\spring-boot-starter-2.6.5.jar;D:\maven\workspace\teacher\org\springframework\boot\spring-boot\2.6.5\spring-boot-2.6.5.jar;D:\maven\workspace\teacher\org\springframework\boot\spring-boot-autoconfigure\2.6.5\spring-boot-autoconfigure-2.6.5.jar;D:\maven\workspace\teacher\org\springframework\boot\spring-boot-starter-logging\2.6.5\spring-boot-starter-logging-2.6.5.jar;D:\maven\workspace\teacher\ch\qos\logback\logback-classic\1.2.11\logback-classic-1.2.11.jar;D:\maven\workspace\teacher\ch\qos\logback\logback-core\1.2.11\logback-core-1.2.11.jar;D:\maven\workspace\teacher\org\apache\logging\log4j\log4j-to-slf4j\2.17.2\log4j-to-slf4j-2.17.2.jar;D:\maven\workspace\teacher\org\apache\logging\log4j\log4j-api\2.17.2\log4j-api-2.17.2.jar;D:\maven\workspace\teacher\org\slf4j\jul-to-slf4j\1.7.36\jul-to-slf4j-1.7.36.jar;D:\maven\workspace\teacher\jakarta\annotation\jakarta.annotation-api\1.3.5\jakarta.annotation-api-1.3.5.jar;D:\maven\workspace\teacher\org\yaml\snakeyaml\1.29\snakeyaml-1.29.jar;D:\maven\workspace\teacher\org\springframework\boot\spring-boot-starter-validation\2.6.5\spring-boot-starter-validation-2.6.5.jar;D:\maven\workspace\teacher\org\apache\tomcat\embed\tomcat-embed-el\9.0.60\tomcat-embed-el-9.0.60.jar;D:\maven\workspace\teacher\org\hibernate\validator\hibernate-validator\6.2.3.Final\hibernate-validator-6.2.3.Final.jar;D:\maven\workspace\teacher\jakarta\validation\jakarta.validation-api\2.0.2\jakarta.validation-api-2.0.2.jar;D:\maven\workspace\teacher\org\jboss\logging\jboss-logging\3.4.3.Final\jboss-logging-3.4.3.Final.jar;D:\maven\workspace\teacher\com\fasterxml\classmate\1.5.1\classmate-1.5.1.jar;D:\maven\workspace\teacher\org\springframework\boot\spring-boot-starter-web\2.6.5\spring-boot-starter-web-2.6.5.jar;D:\maven\workspace\teacher\org\springframework\boot\spring-boot-starter-json\2.6.5\spring-boot-starter-json-2.6.5.jar;D:\maven\workspace\teacher\com\fasterxml\jackson\datatype\jackson-datatype-jdk8\2.13.2\jackson-datatype-jdk8-2.13.2.jar;D:\maven\workspace\teacher\com\fasterxml\jackson\datatype\jackson-datatype-jsr310\2.13.2\jackson-datatype-jsr310-2.13.2.jar;D:\maven\workspace\teacher\com\fasterxml\jackson\module\jackson-module-parameter-names\2.13.2\jackson-module-parameter-names-2.13.2.jar;D:\maven\workspace\teacher\org\springframework\boot\spring-boot-starter-tomcat\2.6.5\spring-boot-starter-tomcat-2.6.5.jar;D:\maven\workspace\teacher\org\apache\tomcat\embed\tomcat-embed-core\9.0.60\tomcat-embed-core-9.0.60.jar;D:\maven\workspace\teacher\org\apache\tomcat\embed\tomcat-embed-websocket\9.0.60\tomcat-embed-websocket-9.0.60.jar;D:\maven\workspace\teacher\org\springframework\spring-web\5.3.17\spring-web-5.3.17.jar;D:\maven\workspace\teacher\org\springframework\spring-beans\5.3.17\spring-beans-5.3.17.jar;D:\maven\workspace\teacher\org\springframework\spring-webmvc\5.3.17\spring-webmvc-5.3.17.jar;D:\maven\workspace\teacher\org\springframework\spring-expression\5.3.17\spring-expression-5.3.17.jar;D:\maven\workspace\teacher\org\springframework\boot\spring-boot-starter-test\2.6.5\spring-boot-starter-test-2.6.5.jar;D:\maven\workspace\teacher\org\springframework\boot\spring-boot-test\2.6.5\spring-boot-test-2.6.5.jar;D:\maven\workspace\teacher\org\springframework\boot\spring-boot-test-autoconfigure\2.6.5\spring-boot-test-autoconfigure-2.6.5.jar;D:\maven\workspace\teacher\com\jayway\jsonpath\json-path\2.6.0\json-path-2.6.0.jar;D:\maven\workspace\teacher\net\minidev\json-smart\2.4.8\json-smart-2.4.8.jar;D:\maven\workspace\teacher\net\minidev\accessors-smart\2.4.8\accessors-smart-2.4.8.jar;D:\maven\workspace\teacher\org\ow2\asm\asm\9.1\asm-9.1.jar;D:\maven\workspace\teacher\jakarta\xml\bind\jakarta.xml.bind-api\2.3.3\jakarta.xml.bind-api-2.3.3.jar;D:\maven\workspace\teacher\jakarta\activation\jakarta.activation-api\1.2.2\jakarta.activation-api-1.2.2.jar;D:\maven\workspace\teacher\org\assertj\assertj-core\3.21.0\assertj-core-3.21.0.jar;D:\maven\workspace\teacher\org\hamcrest\hamcrest\2.2\hamcrest-2.2.jar;D:\maven\workspace\teacher\org\junit\jupiter\junit-jupiter\5.8.2\junit-jupiter-5.8.2.jar;D:\maven\workspace\teacher\org\junit\jupiter\junit-jupiter-api\5.8.2\junit-jupiter-api-5.8.2.jar;D:\maven\workspace\teacher\org\opentest4j\opentest4j\1.2.0\opentest4j-1.2.0.jar;D:\maven\workspace\teacher\org\junit\platform\junit-platform-commons\1.8.2\junit-platform-commons-1.8.2.jar;D:\maven\workspace\teacher\org\apiguardian\apiguardian-api\1.1.2\apiguardian-api-1.1.2.jar;D:\maven\workspace\teacher\org\junit\jupiter\junit-jupiter-params\5.8.2\junit-jupiter-params-5.8.2.jar;D:\maven\workspace\teacher\org\junit\jupiter\junit-jupiter-engine\5.8.2\junit-jupiter-engine-5.8.2.jar;D:\maven\workspace\teacher\org\junit\platform\junit-platform-engine\1.8.2\junit-platform-engine-1.8.2.jar;D:\maven\workspace\teacher\org\mockito\mockito-core\4.0.0\mockito-core-4.0.0.jar;D:\maven\workspace\teacher\net\bytebuddy\byte-buddy\1.11.22\byte-buddy-1.11.22.jar;D:\maven\workspace\teacher\net\bytebuddy\byte-buddy-agent\1.11.22\byte-buddy-agent-1.11.22.jar;D:\maven\workspace\teacher\org\objenesis\objenesis\3.2\objenesis-3.2.jar;D:\maven\workspace\teacher\org\mockito\mockito-junit-jupiter\4.0.0\mockito-junit-jupiter-4.0.0.jar;D:\maven\workspace\teacher\org\skyscreamer\jsonassert\1.5.0\jsonassert-1.5.0.jar;D:\maven\workspace\teacher\com\vaadin\external\google\android-json\0.0.20131108.vaadin1\android-json-0.0.20131108.vaadin1.jar;D:\maven\workspace\teacher\org\springframework\spring-core\5.3.17\spring-core-5.3.17.jar;D:\maven\workspace\teacher\org\springframework\spring-jcl\5.3.17\spring-jcl-5.3.17.jar;D:\maven\workspace\teacher\org\springframework\spring-test\5.3.17\spring-test-5.3.17.jar;D:\maven\workspace\teacher\org\xmlunit\xmlunit-core\2.8.4\xmlunit-core-2.8.4.jar;D:\maven\workspace\teacher\junit\junit\4.13.2\junit-4.13.2.jar;D:\maven\workspace\teacher\org\hamcrest\hamcrest-core\2.2\hamcrest-core-2.2.jar;"/>
    <property name="sun.cpu.endian" value="little"/>
    <property name="user.home" value="C:\Users\HG"/>
    <property name="user.language" value="zh"/>
    <property name="java.specification.vendor" value="Oracle Corporation"/>
    <property name="java.home" value="D:\jdk\jre"/>
    <property name="basedir" value="D:\idea\Teacher"/>
    <property name="file.separator" value="\"/>
    <property name="line.separator" value="&#10;"/>
    <property name="java.vm.specification.vendor" value="Oracle Corporation"/>
    <property name="java.specification.name" value="Java Platform API Specification"/>
    <property name="java.awt.graphicsenv" value="sun.awt.Win32GraphicsEnvironment"/>
    <property name="surefire.real.class.path" value="C:\Users\HG\AppData\Local\Temp\surefire8146671798839250465\surefirebooter7101357356866543168.jar"/>
    <property name="sun.boot.class.path" value="D:\jdk\jre\lib\resources.jar;D:\jdk\jre\lib\rt.jar;D:\jdk\jre\lib\sunrsasign.jar;D:\jdk\jre\lib\jsse.jar;D:\jdk\jre\lib\jce.jar;D:\jdk\jre\lib\charsets.jar;D:\jdk\jre\lib\jfr.jar;D:\jdk\jre\classes"/>
    <property name="user.script" value=""/>
    <property name="sun.management.compiler" value="HotSpot 64-Bit Tiered Compilers"/>
    <property name="java.runtime.version" value="1.8.0_301-b09"/>
    <property name="user.name" value="HG"/>
    <property name="path.separator" value=";"/>
    <property name="os.version" value="10.0"/>
    <property name="java.endorsed.dirs" value="D:\jdk\jre\lib\endorsed"/>
    <property name="java.runtime.name" value="Java(TM) SE Runtime Environment"/>
    <property name="file.encoding" value="GBK"/>
    <property name="java.vm.name" value="Java HotSpot(TM) 64-Bit Server VM"/>
    <property name="localRepository" value="D:\maven\workspace\teacher"/>
    <property name="java.vendor.url.bug" value="http://bugreport.sun.com/bugreport/"/>
    <property name="java.io.tmpdir" value="C:\Users\HG\AppData\Local\Temp\"/>
    <property name="idea.version" value="2021.1.3"/>
    <property name="java.version" value="1.8.0_301"/>
    <property name="user.dir" value="D:\idea\Teacher"/>
    <property name="os.arch" value="amd64"/>
    <property name="java.vm.specification.name" value="Java Virtual Machine Specification"/>
    <property name="java.awt.printerjob" value="sun.awt.windows.WPrinterJob"/>
    <property name="sun.os.patch.level" value=""/>
    <property name="java.library.path" value="D:\jdk\jre\bin;C:\Windows\Sun\Java\bin;C:\Windows\system32;C:\Windows;C:\Program Files (x86)\Common Files\Oracle\Java\javapath;C:\Windows\system32;C:\Windows;C:\Windows\System32\Wbem;C:\Windows\System32\WindowsPowerShell\v1.0\;C:\Windows\System32\OpenSSH\;D:\jdk\bin;.;D:\jdk\lib;D:\jdk\lib\tool.jar;D:\maven\apache-maven-3.8.1\bin;D:\svn\bin;D:\MySql\mysql-8.0.26\bin;D:\npm\;C:\Program Files\Git\cmd;D:\Xshell\;D:\xshellNew\;C:\Users\HG\AppData\Local\Microsoft\WindowsApps;C:\Users\HG\AppData\Roaming\npm;."/>
    <property name="java.vm.info" value="mixed mode"/>
    <property name="java.vendor" value="Oracle Corporation"/>
    <property name="java.vm.version" value="25.301-b09"/>
    <property name="java.ext.dirs" value="D:\jdk\jre\lib\ext;C:\Windows\Sun\Java\lib\ext"/>
    <property name="sun.io.unicode.encoding" value="UnicodeLittle"/>
    <property name="maven.repo.local" value="D:\maven\workspace\teacher"/>
    <property name="java.class.version" value="52.0"/>
  </properties>
  <testcase name="send" classname="RocketMQTest" time="1.62"/>
</testsuite>